2020-10-26 21:34:38,224| INFO  
Now listening on: https://localhost:5001
--------------------------------
2020-10-26 21:34:38,232| INFO  
Now listening on: https://localhost:5001
--------------------------------
2020-10-26 21:34:38,234| INFO  
Now listening on: http://localhost:5000
--------------------------------
2020-10-26 21:34:38,235| INFO  
Now listening on: http://localhost:5000
--------------------------------
2020-10-26 21:34:38,238| INFO  
Application started. Press Ctrl+C to shut down.
--------------------------------
2020-10-26 21:34:38,238| INFO  
Application started. Press Ctrl+C to shut down.
--------------------------------
2020-10-26 21:34:38,241| INFO  
Hosting environment: Development
--------------------------------
2020-10-26 21:34:38,242| INFO  
Hosting environment: Development
--------------------------------
2020-10-26 21:34:38,244| INFO  
Content root path: F:\StudyCore\StudyCore.Api\StudyCore.Api
--------------------------------
2020-10-26 21:34:38,245| INFO  
Content root path: F:\StudyCore\StudyCore.Api\StudyCore.Api
--------------------------------
2020-10-26 21:34:39,677| INFO  
你好啊
--------------------------------
2020-10-26 21:34:39,679| INFO  
你好啊
--------------------------------
2020-10-26 21:34:39,680| INFO  
你好啊
--------------------------------
2020-10-26 21:36:04,906| INFO  
Now listening on: http://[::]:8081
--------------------------------
2020-10-26 21:36:04,912| INFO  
Now listening on: http://[::]:8081
--------------------------------
2020-10-26 21:36:04,913| INFO  
Now listening on: http://[::]:8081
--------------------------------
2020-10-26 21:36:04,913| INFO  
Now listening on: http://[::]:8081
--------------------------------
2020-10-26 21:36:04,916| INFO  
Application started. Press Ctrl+C to shut down.
--------------------------------
2020-10-26 21:36:04,916| INFO  
Application started. Press Ctrl+C to shut down.
--------------------------------
2020-10-26 21:36:04,916| INFO  
Application started. Press Ctrl+C to shut down.
--------------------------------
2020-10-26 21:36:04,917| INFO  
Application started. Press Ctrl+C to shut down.
--------------------------------
2020-10-26 21:36:04,919| INFO  
Hosting environment: Development
--------------------------------
2020-10-26 21:36:04,919| INFO  
Hosting environment: Development
--------------------------------
2020-10-26 21:36:04,919| INFO  
Hosting environment: Development
--------------------------------
2020-10-26 21:36:04,920| INFO  
Hosting environment: Development
--------------------------------
2020-10-26 21:36:04,922| INFO  
Content root path: F:\StudyCore\StudyCore.Api\StudyCore.Api
--------------------------------
2020-10-26 21:36:04,922| INFO  
Content root path: F:\StudyCore\StudyCore.Api\StudyCore.Api
--------------------------------
2020-10-26 21:36:04,926| INFO  
Content root path: F:\StudyCore\StudyCore.Api\StudyCore.Api
--------------------------------
2020-10-26 21:36:04,926| INFO  
Content root path: F:\StudyCore\StudyCore.Api\StudyCore.Api
--------------------------------
2020-10-26 21:37:20,699| INFO  
Now listening on: https://localhost:5001
--------------------------------
2020-10-26 21:37:20,706| INFO  
Now listening on: https://localhost:5001
--------------------------------
2020-10-26 21:37:20,710| INFO  
Now listening on: https://localhost:5001
--------------------------------
2020-10-26 21:37:20,712| INFO  
Now listening on: http://localhost:5000
--------------------------------
2020-10-26 21:37:20,714| INFO  
Now listening on: http://localhost:5000
--------------------------------
2020-10-26 21:37:20,714| INFO  
Now listening on: http://localhost:5000
--------------------------------
2020-10-26 21:37:20,717| INFO  
Application started. Press Ctrl+C to shut down.
--------------------------------
2020-10-26 21:37:20,717| INFO  
Application started. Press Ctrl+C to shut down.
--------------------------------
2020-10-26 21:37:20,718| INFO  
Application started. Press Ctrl+C to shut down.
--------------------------------
2020-10-26 21:37:20,720| INFO  
Hosting environment: Development
--------------------------------
2020-10-26 21:37:20,721| INFO  
Hosting environment: Development
--------------------------------
2020-10-26 21:37:20,721| INFO  
Hosting environment: Development
--------------------------------
2020-10-26 21:37:20,724| INFO  
Content root path: F:\StudyCore\StudyCore.Api\StudyCore.Api
--------------------------------
2020-10-26 21:37:20,724| INFO  
Content root path: F:\StudyCore\StudyCore.Api\StudyCore.Api
--------------------------------
2020-10-26 21:37:20,725| INFO  
Content root path: F:\StudyCore\StudyCore.Api\StudyCore.Api
--------------------------------
2020-10-26 21:37:21,794| INFO  
你好啊
--------------------------------
2020-10-26 21:37:21,795| INFO  
你好啊
--------------------------------
2020-10-26 21:37:21,795| INFO  
你好啊
--------------------------------
2020-10-26 21:37:21,796| INFO  
你好啊
--------------------------------
2020-10-26 21:37:31,825| INFO  
你好啊
--------------------------------
2020-10-26 21:37:31,826| INFO  
你好啊
--------------------------------
2020-10-26 21:37:31,826| INFO  
你好啊
--------------------------------
2020-10-26 21:37:31,827| INFO  
你好啊
--------------------------------
2020-10-26 21:40:05,848| INFO  
Now listening on: https://localhost:5001
--------------------------------
2020-10-26 21:40:05,855| INFO  
Now listening on: https://localhost:5001
--------------------------------
2020-10-26 21:40:05,858| INFO  
Now listening on: http://localhost:5000
--------------------------------
2020-10-26 21:40:05,858| INFO  
Now listening on: http://localhost:5000
--------------------------------
2020-10-26 21:40:05,861| INFO  
Application started. Press Ctrl+C to shut down.
--------------------------------
2020-10-26 21:40:05,861| INFO  
Application started. Press Ctrl+C to shut down.
--------------------------------
2020-10-26 21:40:05,864| INFO  
Hosting environment: Development
--------------------------------
2020-10-26 21:40:05,865| INFO  
Hosting environment: Development
--------------------------------
2020-10-26 21:40:05,867| INFO  
Content root path: F:\StudyCore\StudyCore.Api\StudyCore.Api
--------------------------------
2020-10-26 21:40:05,868| INFO  
Content root path: F:\StudyCore\StudyCore.Api\StudyCore.Api
--------------------------------
2020-10-26 21:40:06,733| INFO  
你好啊
--------------------------------
2020-10-26 21:40:06,735| INFO  
你好啊
--------------------------------
2020-10-26 21:40:06,736| INFO  
你好啊
--------------------------------
2020-10-26 21:42:48,024| INFO  
Application started. Press Ctrl+C to shut down.
--------------------------------
2020-10-26 21:42:48,031| INFO  
Application started. Press Ctrl+C to shut down.
--------------------------------
2020-10-26 21:42:48,035| INFO  
Hosting environment: Development
--------------------------------
2020-10-26 21:42:48,035| INFO  
Hosting environment: Development
--------------------------------
2020-10-26 21:42:48,038| INFO  
Content root path: F:\StudyCore\StudyCore.Api\StudyCore.Api
--------------------------------
2020-10-26 21:42:48,039| INFO  
Content root path: F:\StudyCore\StudyCore.Api\StudyCore.Api
--------------------------------
2020-10-26 21:42:48,091| INFO  
你好啊
--------------------------------
2020-10-26 21:42:48,091| INFO  
你好啊
--------------------------------
2020-10-26 21:42:48,092| INFO  
你好啊
--------------------------------
2020-10-26 22:02:11,650| INFO  
Now listening on: https://localhost:5001
--------------------------------
2020-10-26 22:02:11,655| INFO  
Now listening on: https://localhost:5001
--------------------------------
2020-10-26 22:02:11,659| INFO  
Now listening on: https://localhost:5001
--------------------------------
2020-10-26 22:02:11,661| INFO  
Now listening on: http://localhost:5000
--------------------------------
2020-10-26 22:02:11,662| INFO  
Now listening on: http://localhost:5000
--------------------------------
2020-10-26 22:02:11,662| INFO  
Now listening on: http://localhost:5000
--------------------------------
2020-10-26 22:02:11,665| INFO  
Application started. Press Ctrl+C to shut down.
--------------------------------
2020-10-26 22:02:11,665| INFO  
Application started. Press Ctrl+C to shut down.
--------------------------------
2020-10-26 22:02:11,666| INFO  
Application started. Press Ctrl+C to shut down.
--------------------------------
2020-10-26 22:02:11,668| INFO  
Hosting environment: Development
--------------------------------
2020-10-26 22:02:11,669| INFO  
Hosting environment: Development
--------------------------------
2020-10-26 22:02:11,669| INFO  
Hosting environment: Development
--------------------------------
2020-10-26 22:02:11,672| INFO  
Content root path: F:\StudyCore\StudyCore.Api\StudyCore.Api
--------------------------------
2020-10-26 22:02:11,672| INFO  
Content root path: F:\StudyCore\StudyCore.Api\StudyCore.Api
--------------------------------
2020-10-26 22:02:11,673| INFO  
Content root path: F:\StudyCore\StudyCore.Api\StudyCore.Api
--------------------------------
2020-10-26 22:02:15,676| INFO  
你好啊
--------------------------------
2020-10-26 22:02:15,676| INFO  
你好啊
--------------------------------
2020-10-26 22:02:15,677| INFO  
你好啊
--------------------------------
2020-10-26 22:02:15,678| INFO  
你好啊
--------------------------------
